<?xml version="1.0" encoding="UTF-8"?>
<!-- Generated by org.testng.reporters.JUnitReportReporter -->
<testsuite hostname="RHOTA-LAP" name="com.alm.automation.test.OfsaaWelcomeTest" tests="1" failures="0" timestamp="2 Jul 2020 10:29:01 GMT" time="39.875" errors="0">
  <testcase name="loginTest1" time="39.875" classname="com.alm.automation.test.OfsaaWelcomeTest"/>
</testsuite> <!-- com.alm.automation.test.OfsaaWelcomeTest -->
