<?xml version="1.0" encoding="UTF-8"?>
<!-- Generated by org.testng.reporters.JUnitReportReporter -->
<testsuite hostname="SATDORAI-IN" name="com.mrmm.automation.test.PortfolioTest" tests="1" failures="0" timestamp="25 Jun 2020 10:36:03 GMT" time="330.753" errors="0">
  <testcase name="verifyPortfolioDefn_Position_SelectedPosition_Single_Multi_Values_Remove_TS006_TC031_TC_032_TC_033" time="330.753" classname="com.mrmm.automation.test.PortfolioTest"/>
</testsuite> <!-- com.mrmm.automation.test.PortfolioTest -->
