<?xml version="1.0" encoding="UTF-8"?>
<!-- Generated by org.testng.reporters.JUnitReportReporter -->
<testsuite hostname="SATDORAI-IN" name="com.mrmm.automation.test.OfsaaLoginTest" tests="1" failures="0" timestamp="4 Jun 2020 07:41:08 GMT" time="29.520" errors="0">
  <testcase name="loginTest" time="29.520" classname="com.mrmm.automation.test.OfsaaLoginTest"/>
</testsuite> <!-- com.mrmm.automation.test.OfsaaLoginTest -->
