<?xml version="1.0" encoding="UTF-8"?>
<!-- Generated by org.testng.reporters.JUnitReportReporter -->
<testsuite hostname="RHOTA-LAP" name="com.alm.automation.test.OfsaaLoginTest" tests="1" failures="0" timestamp="2 Jul 2020 10:29:01 GMT" time="31.282" errors="0">
  <testcase name="loginTest" time="31.282" classname="com.alm.automation.test.OfsaaLoginTest"/>
</testsuite> <!-- com.alm.automation.test.OfsaaLoginTest -->
